D:\Data\5977B_MR\DATA\2025\0403\81645.D\DATA.MS
D:\Data\5977B_MR\DATA\2025\0403\81647.D\DATA.MS
D:\Data\5977B_MR\DATA\2025\0403\81674.D\DATA.MS
D:\Data\5977B_MR\DATA\2025\0403\81683.D\DATA.MS
D:\Data\5977B_MR\DATA\2025\0403\81723.D\DATA.MS
D:\Data\5977B_MR\DATA\2025\0403\81723R.D\DATA.MS
D:\Data\5977B_MR\DATA\2025\0403\81724.D\DATA.MS
D:\Data\5977B_MR\DATA\2025\0403\81727A.D\DATA.MS
D:\Data\5977B_MR\DATA\2025\0403\81727M.D\DATA.MS
D:\Data\5977B_MR\DATA\2025\0403\81727T.D\DATA.MS
D:\Data\5977B_MR\DATA\2025\0403\81728.D\DATA.MS
D:\Data\5977B_MR\DATA\2025\0403\81729.D\DATA.MS
D:\Data\5977B_MR\DATA\2025\0403\81735.D\DATA.MS
D:\Data\5977B_MR\DATA\2025\0403\81736.D\DATA.MS
D:\Data\5977B_MR\DATA\2025\0403\81741.D\DATA.MS
D:\Data\5977B_MR\DATA\2025\0403\81742.D\DATA.MS
D:\Data\5977B_MR\DATA\2025\0403\81755.D\DATA.MS
D:\Data\5977B_MR\DATA\2025\0403\81757.D\DATA.MS
D:\Data\5977B_MR\DATA\2025\0403\81765.D\DATA.MS
D:\Data\5977B_MR\DATA\2025\0403\RI.D\DATA.MS
